Base path: 'E:/Unity Editors/2020.3.30f1/Editor/Data', plugins path 'E:/Unity Editors/2020.3.30f1/Editor/Data/PlaybackEngines'
Cmd: initializeCompiler

Cmd: compileComputeKernel
  insize=5186 file=R:/Unity Projects/LineGameNew/LineGame/Library/PackageCache/com.unity.postprocessing@3.0.1/PostProcessing/Shaders/Builtins/Lut3DBaker.compute kernel=KGenLut3D_NoTonemap cachingPP=1 ppOnly=0 stripLineD=0 buildPlatform=13 km=<TONEMAPPING_NONE=1>,<UNITY_VERSION=202039> pKW=UNITY_NO_DXT5nm UNITY_ENABLE_REFLECTION_BUFFERS UNITY_NO_CUBEMAP_ARRAY UNITY_NO_SCREENSPACE_SHADOWS UNITY_PBS_USE_BRDF2 UNITY_LIGHTMAP_FULL_HDR uKW=SHADER_STAGE_COMPUTE platform=d3d11 flags=0 ok=1 outsize=3708

Cmd: compileComputeKernel
  insize=5186 file=R:/Unity Projects/LineGameNew/LineGame/Library/PackageCache/com.unity.postprocessing@3.0.1/PostProcessing/Shaders/Builtins/Lut3DBaker.compute kernel=KGenLut3D_AcesTonemap cachingPP=1 ppOnly=0 stripLineD=0 buildPlatform=13 km=<TONEMAPPING_ACES=1>,<UNITY_VERSION=202039> pKW=UNITY_NO_DXT5nm UNITY_NO_RGBM UNITY_ENABLE_REFLECTION_BUFFERS UNITY_NO_CUBEMAP_ARRAY UNITY_NO_SCREENSPACE_SHADOWS UNITY_PBS_USE_BRDF2 SHADER_API_MOBILE UNITY_LIGHTMAP_FULL_HDR uKW=SHADER_STAGE_COMPUTE platform=vulkan flags=268439552 ok=1 outsize=38282

Cmd: compileComputeKernel
  insize=11220 file=R:/Unity Projects/LineGameNew/LineGame/Library/PackageCache/com.unity.postprocessing@3.0.1/PostProcessing/Shaders/Builtins/MultiScaleVORender.compute kernel=MultiScaleVORender_interleaved cachingPP=1 ppOnly=0 stripLineD=0 buildPlatform=13 km=<MAIN=MultiScaleVORender_interleaved>,<INTERLEAVE_RESULT=1>,<UNITY_VERSION=202039> pKW=UNITY_NO_DXT5nm UNITY_NO_RGBM UNITY_ENABLE_REFLECTION_BUFFERS UNITY_NO_CUBEMAP_ARRAY UNITY_NO_SCREENSPACE_SHADOWS UNITY_PBS_USE_BRDF2 SHADER_API_MOBILE UNITY_LIGHTMAP_FULL_HDR uKW=SHADER_STAGE_COMPUTE platform=vulkan flags=268439552 ok=1 outsize=40972

Cmd: compileComputeKernel
  insize=1607 file=R:/Unity Projects/LineGameNew/LineGame/Library/PackageCache/com.unity.postprocessing@3.0.1/PostProcessing/Shaders/Debug/Vectorscope.compute kernel=KVectorscopeGather cachingPP=1 ppOnly=0 stripLineD=0 buildPlatform=13 km=<UNITY_VERSION=202039> pKW=UNITY_NO_DXT5nm UNITY_ENABLE_REFLECTION_BUFFERS UNITY_NO_CUBEMAP_ARRAY UNITY_NO_SCREENSPACE_SHADOWS UNITY_PBS_USE_BRDF2 UNITY_LIGHTMAP_FULL_HDR uKW=SHADER_STAGE_COMPUTE platform=d3d11 flags=0 ok=1 outsize=1455

Cmd: compileComputeKernel
  insize=1274 file=R:/Unity Projects/LineGameNew/LineGame/Library/PackageCache/com.unity.postprocessing@3.0.1/PostProcessing/Shaders/Builtins/Texture3DLerp.compute kernel=KTexture3DLerp cachingPP=1 ppOnly=0 stripLineD=0 buildPlatform=13 km=<UNITY_VERSION=202039> pKW=UNITY_NO_DXT5nm UNITY_NO_RGBM UNITY_ENABLE_REFLECTION_BUFFERS UNITY_NO_CUBEMAP_ARRAY UNITY_NO_SCREENSPACE_SHADOWS UNITY_PBS_USE_BRDF2 SHADER_API_MOBILE UNITY_LIGHTMAP_FULL_HDR uKW=SHADER_STAGE_COMPUTE platform=vulkan flags=268439552 ok=1 outsize=3592

Cmd: compileComputeKernel
  insize=2236 file=R:/Unity Projects/LineGameNew/LineGame/Library/PackageCache/com.unity.postprocessing@3.0.1/PostProcessing/Shaders/Debug/Histogram.compute kernel=KHistogramClear cachingPP=1 ppOnly=0 stripLineD=0 buildPlatform=13 km=<UNITY_VERSION=202039> pKW=UNITY_NO_DXT5nm UNITY_ENABLE_REFLECTION_BUFFERS UNITY_NO_CUBEMAP_ARRAY UNITY_NO_SCREENSPACE_SHADOWS UNITY_PBS_USE_BRDF2 UNITY_LIGHTMAP_FULL_HDR uKW=SHADER_STAGE_COMPUTE platform=d3d11 flags=0 ok=1 outsize=372

Cmd: compileComputeKernel
  insize=1966 file=R:/Unity Projects/LineGameNew/LineGame/Library/PackageCache/com.unity.postprocessing@3.0.1/PostProcessing/Shaders/Debug/Waveform.compute kernel=KWaveformGather cachingPP=1 ppOnly=0 stripLineD=0 buildPlatform=13 km=<UNITY_VERSION=202039> pKW=UNITY_NO_DXT5nm UNITY_ENABLE_REFLECTION_BUFFERS UNITY_NO_CUBEMAP_ARRAY UNITY_NO_SCREENSPACE_SHADOWS UNITY_PBS_USE_BRDF2 UNITY_LIGHTMAP_FULL_HDR uKW=SHADER_STAGE_COMPUTE platform=d3d11 flags=0 ok=1 outsize=1385

Cmd: compileComputeKernel
  insize=18763 file=R:/Unity Projects/LineGameNew/LineGame/Library/PackageCache/com.unity.postprocessing@3.0.1/PostProcessing/Shaders/Builtins/MultiScaleVOUpsample.compute kernel=MultiScaleVOUpSample_invert cachingPP=1 ppOnly=0 stripLineD=0 buildPlatform=13 km=<MAIN=MultiScaleVOUpSample_invert>,<INVERT=1>,<UNITY_VERSION=202039> pKW=UNITY_NO_DXT5nm UNITY_ENABLE_REFLECTION_BUFFERS UNITY_NO_CUBEMAP_ARRAY UNITY_NO_SCREENSPACE_SHADOWS UNITY_PBS_USE_BRDF2 UNITY_LIGHTMAP_FULL_HDR uKW=SHADER_STAGE_COMPUTE platform=d3d11 flags=0 ok=1 outsize=8653

Cmd: compileComputeKernel
  insize=18763 file=R:/Unity Projects/LineGameNew/LineGame/Library/PackageCache/com.unity.postprocessing@3.0.1/PostProcessing/Shaders/Builtins/MultiScaleVOUpsample.compute kernel=MultiScaleVOUpSample_MSAA_premin_blendout cachingPP=1 ppOnly=0 stripLineD=0 buildPlatform=13 km=<MAIN=MultiScaleVOUpSample_MSAA_premin_blendout>,<MSAA=1>,<COMBINE_LOWER_RESOLUTIONS=1>,<BLEND_WITH_HIGHER_RESOLUTION=1>,<UNITY_VERSION=202039> pKW=UNITY_NO_DXT5nm UNITY_NO_RGBM UNITY_ENABLE_REFLECTION_BUFFERS UNITY_NO_CUBEMAP_ARRAY UNITY_NO_SCREENSPACE_SHADOWS UNITY_PBS_USE_BRDF2 SHADER_API_MOBILE UNITY_LIGHTMAP_FULL_HDR uKW=SHADER_STAGE_COMPUTE platform=vulkan flags=268439552 ok=1 outsize=57494

